2024-07-27T22:47:25.017Z error: [Verify Wrike API response for folders Status code is 200] : Falha - [2mexpect([22m[31mreceived[39m[2m).[22mtoBe[2m([22m[32mexpected[39m[2m) // Object.is equality[22m

Expected: [32m200[39m
Received: [31m401[39m
2024-07-27T22:47:25.026Z error: [Verify Wrike API response for folders Response contains folders kind] : Falha - [2mexpect([22m[31mreceived[39m[2m).[22mtoEqual[2m([22m[32mexpected[39m[2m) // deep equality[22m

Expected: [32m"folders"[39m
Received: [31mundefined[39m
2024-07-27T22:47:25.028Z error: [Verify Wrike API response for folders Data is an array] : Falha - [2mexpect([22m[31mreceived[39m[2m).[22mtoBe[2m([22m[32mexpected[39m[2m) // Object.is equality[22m

Expected: [32mtrue[39m
Received: [31mfalse[39m
2024-07-27T22:51:35.879Z error: [Verify Wrike API response for folders Status code is 200] : Falha - [2mexpect([22m[31mreceived[39m[2m).[22mtoBe[2m([22m[32mexpected[39m[2m) // Object.is equality[22m

Expected: [32m200[39m
Received: [31m400[39m
2024-07-27T22:51:35.885Z error: [Verify Wrike API response for folders Response contains folders kind] : Falha - [2mexpect([22m[31mreceived[39m[2m).[22mtoEqual[2m([22m[32mexpected[39m[2m) // deep equality[22m

Expected: [32m"folders"[39m
Received: [31mundefined[39m
2024-07-27T22:51:35.886Z error: [Verify Wrike API response for folders Data is an array] : Falha - [2mexpect([22m[31mreceived[39m[2m).[22mtoBe[2m([22m[32mexpected[39m[2m) // Object.is equality[22m

Expected: [32mtrue[39m
Received: [31mfalse[39m
2024-07-28T12:42:44.264Z error: [ Response is JSON] : Falha - [2mexpect([22m[31mreceived[39m[2m).[22mtoHaveProperty[2m([22m[32mpath[39m[2m)[22m

Expected path: [32m"kind"[39m
Received path: [31m[][39m

Received value: [31m{"config": {"adapter": [Array], "baseURL": "https://www.wrike.com/api/v4/", "data": undefined, "env": [Object], "headers": [AxiosHeaders], "maxBodyLength": -1, "maxContentLength": -1, "method": "get", "params": [Object], "timeout": 5000, "transformRequest": [Array], "transformResponse": [Array], "transitional": [Object], "url": "groups", "validateStatus": [Function validateStatus], "xsrfCookieName": "XSRF-TOKEN", "xsrfHeaderName": "X-XSRF-TOKEN"}, "data": {"data": [Array], "kind": "groups"}, "headers": [Object], "request": {"_closed": true, "_contentLength": 0, "_defaultKeepAlive": true, "_ended": true, "_events": [Object], "_eventsCount": 7, "_hasBody": true, "_header": "GET /api/v4/groups HTTP/1.1·[39m
[31mAccept: application/json, text/plain, */*·[39m
[31mAuthorization: Bearer eyJ0dCI6InAiLCJhbGciOiJIUzI1NiIsInR2IjoiMSJ9.eyJkIjoie1wiYVwiOjY1NDEzMTQsXCJpXCI6OTEyMzQwMCxcImNcIjo0Njg3MDUzLFwidVwiOjE5OTgwNzIzLFwiclwiOlwiVVNcIixcInNcIjpbXCJXXCIsXCJGXCIsXCJJXCIsXCJVXCIsXCJLXCIsXCJDXCIsXCJEXCIsXCJNXCIsXCJBXCIsXCJMXCIsXCJQXCJdLFwielwiOltdLFwidFwiOjB9IiwiaWF0IjoxNzIwOTgxOTE5fQ.XU_bqqc0KD55QfjFr9dI2NNe7ebkca9964BaRy3CqYA·[39m
[31mUser-Agent: axios/1.7.2·[39m
[31mAccept-Encoding: gzip, compress, deflate, br·[39m
[31mHost: www.wrike.com·[39m
[31mConnection: keep-alive···[39m
[31m", "_headerSent": true, "_keepAliveTimeout": 0, "_last": true, "_maxListeners": undefined, "_onPendingData": [Function nop], "_redirectable": [Writable], "_removedConnection": false, "_removedContLen": false, "_removedTE": false, "_trailer": "", "aborted": false, "agent": [Agent], "chunkedEncoding": false, "destroyed": true, "finished": true, "host": "www.wrike.com", "insecureHTTPParser": undefined, "joinDuplicateHeaders": undefined, "maxHeaderSize": undefined, "maxHeadersCount": null, "maxRequestsOnConnectionReached": false, "method": "GET", "outputData": [Array], "outputSize": 0, "parser": null, "path": "/api/v4/groups", "protocol": "https:", "res": [IncomingMessage], "reusedSocket": false, "sendDate": false, "shouldKeepAlive": true, "socket": [TLSSocket], "socketPath": undefined, "strictContentLength": false, "timeoutCb": null, "upgradeOrConnect": false, "useChunkedEncodingByDefault": false, "writable": true, Symbol(shapeMode): false, Symbol(kCapture): false, Symbol(kBytesWritten): 0, Symbol(kNeedDrain): false, Symbol(corked): 0, Symbol(kOutHeaders): [Object], Symbol(errored): null, Symbol(kHighWaterMark): 16384, Symbol(kRejectNonStandardBodyWrites): false, Symbol(kUniqueHeaders): null}, "status": 200, "statusText": "OK"}[39m
2024-07-28T12:43:05.742Z error: [ Response is JSON] : Falha - [2mexpect([22m[31mreceived[39m[2m).[22mtoHaveProperty[2m([22m[32mpath[39m[2m)[22m

Expected path: [32m"kind"[39m
Received path: [31m[][39m

Received value: [31m{"config": {"adapter": [Array], "baseURL": "https://www.wrike.com/api/v4/", "data": undefined, "env": [Object], "headers": [AxiosHeaders], "maxBodyLength": -1, "maxContentLength": -1, "method": "get", "params": [Object], "timeout": 5000, "transformRequest": [Array], "transformResponse": [Array], "transitional": [Object], "url": "groups", "validateStatus": [Function validateStatus], "xsrfCookieName": "XSRF-TOKEN", "xsrfHeaderName": "X-XSRF-TOKEN"}, "data": {"data": [Array], "kind": "groups"}, "headers": [Object], "request": {"_closed": true, "_contentLength": 0, "_defaultKeepAlive": true, "_ended": true, "_events": [Object], "_eventsCount": 7, "_hasBody": true, "_header": "GET /api/v4/groups HTTP/1.1·[39m
[31mAccept: application/json, text/plain, */*·[39m
[31mAuthorization: Bearer eyJ0dCI6InAiLCJhbGciOiJIUzI1NiIsInR2IjoiMSJ9.eyJkIjoie1wiYVwiOjY1NDEzMTQsXCJpXCI6OTEyMzQwMCxcImNcIjo0Njg3MDUzLFwidVwiOjE5OTgwNzIzLFwiclwiOlwiVVNcIixcInNcIjpbXCJXXCIsXCJGXCIsXCJJXCIsXCJVXCIsXCJLXCIsXCJDXCIsXCJEXCIsXCJNXCIsXCJBXCIsXCJMXCIsXCJQXCJdLFwielwiOltdLFwidFwiOjB9IiwiaWF0IjoxNzIwOTgxOTE5fQ.XU_bqqc0KD55QfjFr9dI2NNe7ebkca9964BaRy3CqYA·[39m
[31mUser-Agent: axios/1.7.2·[39m
[31mAccept-Encoding: gzip, compress, deflate, br·[39m
[31mHost: www.wrike.com·[39m
[31mConnection: keep-alive···[39m
[31m", "_headerSent": true, "_keepAliveTimeout": 0, "_last": true, "_maxListeners": undefined, "_onPendingData": [Function nop], "_redirectable": [Writable], "_removedConnection": false, "_removedContLen": false, "_removedTE": false, "_trailer": "", "aborted": false, "agent": [Agent], "chunkedEncoding": false, "destroyed": true, "finished": true, "host": "www.wrike.com", "insecureHTTPParser": undefined, "joinDuplicateHeaders": undefined, "maxHeaderSize": undefined, "maxHeadersCount": null, "maxRequestsOnConnectionReached": false, "method": "GET", "outputData": [Array], "outputSize": 0, "parser": null, "path": "/api/v4/groups", "protocol": "https:", "res": [IncomingMessage], "reusedSocket": false, "sendDate": false, "shouldKeepAlive": true, "socket": [TLSSocket], "socketPath": undefined, "strictContentLength": false, "timeoutCb": null, "upgradeOrConnect": false, "useChunkedEncodingByDefault": false, "writable": true, Symbol(shapeMode): false, Symbol(kCapture): false, Symbol(kBytesWritten): 0, Symbol(kNeedDrain): false, Symbol(corked): 0, Symbol(kOutHeaders): [Object], Symbol(errored): null, Symbol(kHighWaterMark): 16384, Symbol(kRejectNonStandardBodyWrites): false, Symbol(kUniqueHeaders): null}, "status": 200, "statusText": "OK"}[39m
2024-07-28T12:43:11.714Z error: [ Response is JSON] : Falha - [2mexpect([22m[31mreceived[39m[2m).[22mtoHaveProperty[2m([22m[32mpath[39m[2m)[22m

Expected path: [32m"kind"[39m
Received path: [31m[][39m

Received value: [31m{"config": {"adapter": [Array], "baseURL": "https://www.wrike.com/api/v4/", "data": undefined, "env": [Object], "headers": [AxiosHeaders], "maxBodyLength": -1, "maxContentLength": -1, "method": "get", "params": [Object], "timeout": 5000, "transformRequest": [Array], "transformResponse": [Array], "transitional": [Object], "url": "groups", "validateStatus": [Function validateStatus], "xsrfCookieName": "XSRF-TOKEN", "xsrfHeaderName": "X-XSRF-TOKEN"}, "data": {"data": [Array], "kind": "groups"}, "headers": [Object], "request": {"_closed": true, "_contentLength": 0, "_defaultKeepAlive": true, "_ended": true, "_events": [Object], "_eventsCount": 7, "_hasBody": true, "_header": "GET /api/v4/groups HTTP/1.1·[39m
[31mAccept: application/json, text/plain, */*·[39m
[31mAuthorization: Bearer eyJ0dCI6InAiLCJhbGciOiJIUzI1NiIsInR2IjoiMSJ9.eyJkIjoie1wiYVwiOjY1NDEzMTQsXCJpXCI6OTEyMzQwMCxcImNcIjo0Njg3MDUzLFwidVwiOjE5OTgwNzIzLFwiclwiOlwiVVNcIixcInNcIjpbXCJXXCIsXCJGXCIsXCJJXCIsXCJVXCIsXCJLXCIsXCJDXCIsXCJEXCIsXCJNXCIsXCJBXCIsXCJMXCIsXCJQXCJdLFwielwiOltdLFwidFwiOjB9IiwiaWF0IjoxNzIwOTgxOTE5fQ.XU_bqqc0KD55QfjFr9dI2NNe7ebkca9964BaRy3CqYA·[39m
[31mUser-Agent: axios/1.7.2·[39m
[31mAccept-Encoding: gzip, compress, deflate, br·[39m
[31mHost: www.wrike.com·[39m
[31mConnection: keep-alive···[39m
[31m", "_headerSent": true, "_keepAliveTimeout": 0, "_last": true, "_maxListeners": undefined, "_onPendingData": [Function nop], "_redirectable": [Writable], "_removedConnection": false, "_removedContLen": false, "_removedTE": false, "_trailer": "", "aborted": false, "agent": [Agent], "chunkedEncoding": false, "destroyed": true, "finished": true, "host": "www.wrike.com", "insecureHTTPParser": undefined, "joinDuplicateHeaders": undefined, "maxHeaderSize": undefined, "maxHeadersCount": null, "maxRequestsOnConnectionReached": false, "method": "GET", "outputData": [Array], "outputSize": 0, "parser": null, "path": "/api/v4/groups", "protocol": "https:", "res": [IncomingMessage], "reusedSocket": false, "sendDate": false, "shouldKeepAlive": true, "socket": [TLSSocket], "socketPath": undefined, "strictContentLength": false, "timeoutCb": null, "upgradeOrConnect": false, "useChunkedEncodingByDefault": false, "writable": true, Symbol(shapeMode): false, Symbol(kCapture): false, Symbol(kBytesWritten): 0, Symbol(kNeedDrain): false, Symbol(corked): 0, Symbol(kOutHeaders): [Object], Symbol(errored): null, Symbol(kHighWaterMark): 16384, Symbol(kRejectNonStandardBodyWrites): false, Symbol(kUniqueHeaders): null}, "status": 200, "statusText": "OK"}[39m
2024-07-28T12:43:43.403Z error: [ Response structure] : Falha - [2mexpect([22m[31mreceived[39m[2m).[22mtoHaveProperty[2m([22m[32mpath[39m[2m)[22m

Expected path: [32m"kind"[39m
Received path: [31m[][39m

Received value: [31m{"config": {"adapter": [Array], "baseURL": "https://www.wrike.com/api/v4/", "data": undefined, "env": [Object], "headers": [AxiosHeaders], "maxBodyLength": -1, "maxContentLength": -1, "method": "get", "params": [Object], "timeout": 5000, "transformRequest": [Array], "transformResponse": [Array], "transitional": [Object], "url": "groups", "validateStatus": [Function validateStatus], "xsrfCookieName": "XSRF-TOKEN", "xsrfHeaderName": "X-XSRF-TOKEN"}, "data": {"data": [Array], "kind": "groups"}, "headers": [Object], "request": {"_closed": true, "_contentLength": 0, "_defaultKeepAlive": true, "_ended": true, "_events": [Object], "_eventsCount": 7, "_hasBody": true, "_header": "GET /api/v4/groups HTTP/1.1·[39m
[31mAccept: application/json, text/plain, */*·[39m
[31mAuthorization: Bearer eyJ0dCI6InAiLCJhbGciOiJIUzI1NiIsInR2IjoiMSJ9.eyJkIjoie1wiYVwiOjY1NDEzMTQsXCJpXCI6OTEyMzQwMCxcImNcIjo0Njg3MDUzLFwidVwiOjE5OTgwNzIzLFwiclwiOlwiVVNcIixcInNcIjpbXCJXXCIsXCJGXCIsXCJJXCIsXCJVXCIsXCJLXCIsXCJDXCIsXCJEXCIsXCJNXCIsXCJBXCIsXCJMXCIsXCJQXCJdLFwielwiOltdLFwidFwiOjB9IiwiaWF0IjoxNzIwOTgxOTE5fQ.XU_bqqc0KD55QfjFr9dI2NNe7ebkca9964BaRy3CqYA·[39m
[31mUser-Agent: axios/1.7.2·[39m
[31mAccept-Encoding: gzip, compress, deflate, br·[39m
[31mHost: www.wrike.com·[39m
[31mConnection: keep-alive···[39m
[31m", "_headerSent": true, "_keepAliveTimeout": 0, "_last": true, "_maxListeners": undefined, "_onPendingData": [Function nop], "_redirectable": [Writable], "_removedConnection": false, "_removedContLen": false, "_removedTE": false, "_trailer": "", "aborted": false, "agent": [Agent], "chunkedEncoding": false, "destroyed": true, "finished": true, "host": "www.wrike.com", "insecureHTTPParser": undefined, "joinDuplicateHeaders": undefined, "maxHeaderSize": undefined, "maxHeadersCount": null, "maxRequestsOnConnectionReached": false, "method": "GET", "outputData": [Array], "outputSize": 0, "parser": null, "path": "/api/v4/groups", "protocol": "https:", "res": [IncomingMessage], "reusedSocket": false, "sendDate": false, "shouldKeepAlive": true, "socket": [TLSSocket], "socketPath": undefined, "strictContentLength": false, "timeoutCb": null, "upgradeOrConnect": false, "useChunkedEncodingByDefault": false, "writable": true, Symbol(shapeMode): false, Symbol(kCapture): false, Symbol(kBytesWritten): 0, Symbol(kNeedDrain): false, Symbol(corked): 0, Symbol(kOutHeaders): [Object], Symbol(errored): null, Symbol(kHighWaterMark): 16384, Symbol(kRejectNonStandardBodyWrites): false, Symbol(kUniqueHeaders): null}, "status": 200, "statusText": "OK"}[39m
2024-07-28T12:44:22.972Z error: [ Response structure] : Falha - response.json is not a function
2024-07-28T12:44:40.691Z error: [ Response structure] : Falha - [2mexpect([22m[31mreceived[39m[2m).[22mtoHaveProperty[2m([22m[32mpath[39m[2m)[22m

Expected path: [32m"kind"[39m
Received path: [31m[][39m

Received value: [31m{"config": {"adapter": [Array], "baseURL": "https://www.wrike.com/api/v4/", "data": undefined, "env": [Object], "headers": [AxiosHeaders], "maxBodyLength": -1, "maxContentLength": -1, "method": "get", "params": [Object], "timeout": 5000, "transformRequest": [Array], "transformResponse": [Array], "transitional": [Object], "url": "groups", "validateStatus": [Function validateStatus], "xsrfCookieName": "XSRF-TOKEN", "xsrfHeaderName": "X-XSRF-TOKEN"}, "data": {"data": [Array], "kind": "groups"}, "headers": [Object], "request": {"_closed": true, "_contentLength": 0, "_defaultKeepAlive": true, "_ended": true, "_events": [Object], "_eventsCount": 7, "_hasBody": true, "_header": "GET /api/v4/groups HTTP/1.1·[39m
[31mAccept: application/json, text/plain, */*·[39m
[31mAuthorization: Bearer eyJ0dCI6InAiLCJhbGciOiJIUzI1NiIsInR2IjoiMSJ9.eyJkIjoie1wiYVwiOjY1NDEzMTQsXCJpXCI6OTEyMzQwMCxcImNcIjo0Njg3MDUzLFwidVwiOjE5OTgwNzIzLFwiclwiOlwiVVNcIixcInNcIjpbXCJXXCIsXCJGXCIsXCJJXCIsXCJVXCIsXCJLXCIsXCJDXCIsXCJEXCIsXCJNXCIsXCJBXCIsXCJMXCIsXCJQXCJdLFwielwiOltdLFwidFwiOjB9IiwiaWF0IjoxNzIwOTgxOTE5fQ.XU_bqqc0KD55QfjFr9dI2NNe7ebkca9964BaRy3CqYA·[39m
[31mUser-Agent: axios/1.7.2·[39m
[31mAccept-Encoding: gzip, compress, deflate, br·[39m
[31mHost: www.wrike.com·[39m
[31mConnection: keep-alive···[39m
[31m", "_headerSent": true, "_keepAliveTimeout": 0, "_last": true, "_maxListeners": undefined, "_onPendingData": [Function nop], "_redirectable": [Writable], "_removedConnection": false, "_removedContLen": false, "_removedTE": false, "_trailer": "", "aborted": false, "agent": [Agent], "chunkedEncoding": false, "destroyed": true, "finished": true, "host": "www.wrike.com", "insecureHTTPParser": undefined, "joinDuplicateHeaders": undefined, "maxHeaderSize": undefined, "maxHeadersCount": null, "maxRequestsOnConnectionReached": false, "method": "GET", "outputData": [Array], "outputSize": 0, "parser": null, "path": "/api/v4/groups", "protocol": "https:", "res": [IncomingMessage], "reusedSocket": false, "sendDate": false, "shouldKeepAlive": true, "socket": [TLSSocket], "socketPath": undefined, "strictContentLength": false, "timeoutCb": null, "upgradeOrConnect": false, "useChunkedEncodingByDefault": false, "writable": true, Symbol(shapeMode): false, Symbol(kCapture): false, Symbol(kBytesWritten): 0, Symbol(kNeedDrain): false, Symbol(corked): 0, Symbol(kOutHeaders): [Object], Symbol(errored): null, Symbol(kHighWaterMark): 16384, Symbol(kRejectNonStandardBodyWrites): false, Symbol(kUniqueHeaders): null}, "status": 200, "statusText": "OK"}[39m
2024-07-28T12:45:43.000Z error: [ Response structure] : Falha - [2mexpect([22m[31mreceived[39m[2m).[22mtoHaveProperty[2m([22m[32mpath[39m[2m)[22m

Expected path: [32m"kind"[39m
Received path: [31m[][39m

Received value: [31m{"config": {"adapter": [Array], "baseURL": "https://www.wrike.com/api/v4/", "data": undefined, "env": [Object], "headers": [AxiosHeaders], "maxBodyLength": -1, "maxContentLength": -1, "method": "get", "params": [Object], "timeout": 5000, "transformRequest": [Array], "transformResponse": [Array], "transitional": [Object], "url": "groups", "validateStatus": [Function validateStatus], "xsrfCookieName": "XSRF-TOKEN", "xsrfHeaderName": "X-XSRF-TOKEN"}, "data": {"data": [Array], "kind": "groups"}, "headers": [Object], "request": {"_closed": true, "_contentLength": 0, "_defaultKeepAlive": true, "_ended": true, "_events": [Object], "_eventsCount": 7, "_hasBody": true, "_header": "GET /api/v4/groups HTTP/1.1·[39m
[31mAccept: application/json, text/plain, */*·[39m
[31mAuthorization: Bearer eyJ0dCI6InAiLCJhbGciOiJIUzI1NiIsInR2IjoiMSJ9.eyJkIjoie1wiYVwiOjY1NDEzMTQsXCJpXCI6OTEyMzQwMCxcImNcIjo0Njg3MDUzLFwidVwiOjE5OTgwNzIzLFwiclwiOlwiVVNcIixcInNcIjpbXCJXXCIsXCJGXCIsXCJJXCIsXCJVXCIsXCJLXCIsXCJDXCIsXCJEXCIsXCJNXCIsXCJBXCIsXCJMXCIsXCJQXCJdLFwielwiOltdLFwidFwiOjB9IiwiaWF0IjoxNzIwOTgxOTE5fQ.XU_bqqc0KD55QfjFr9dI2NNe7ebkca9964BaRy3CqYA·[39m
[31mUser-Agent: axios/1.7.2·[39m
[31mAccept-Encoding: gzip, compress, deflate, br·[39m
[31mHost: www.wrike.com·[39m
[31mConnection: keep-alive···[39m
[31m", "_headerSent": true, "_keepAliveTimeout": 0, "_last": true, "_maxListeners": undefined, "_onPendingData": [Function nop], "_redirectable": [Writable], "_removedConnection": false, "_removedContLen": false, "_removedTE": false, "_trailer": "", "aborted": false, "agent": [Agent], "chunkedEncoding": false, "destroyed": true, "finished": true, "host": "www.wrike.com", "insecureHTTPParser": undefined, "joinDuplicateHeaders": undefined, "maxHeaderSize": undefined, "maxHeadersCount": null, "maxRequestsOnConnectionReached": false, "method": "GET", "outputData": [Array], "outputSize": 0, "parser": null, "path": "/api/v4/groups", "protocol": "https:", "res": [IncomingMessage], "reusedSocket": false, "sendDate": false, "shouldKeepAlive": true, "socket": [TLSSocket], "socketPath": undefined, "strictContentLength": false, "timeoutCb": null, "upgradeOrConnect": false, "useChunkedEncodingByDefault": false, "writable": true, Symbol(shapeMode): false, Symbol(kCapture): false, Symbol(kBytesWritten): 0, Symbol(kNeedDrain): false, Symbol(corked): 0, Symbol(kOutHeaders): [Object], Symbol(errored): null, Symbol(kHighWaterMark): 16384, Symbol(kRejectNonStandardBodyWrites): false, Symbol(kUniqueHeaders): null}, "status": 200, "statusText": "OK"}[39m
2024-07-28T12:46:30.643Z error: [ Response structure] : Falha - [2mexpect([22m[31mreceived[39m[2m).[22mtoHaveProperty[2m([22m[32mpath[39m[2m)[22m

Expected path: [32m"kind"[39m
Received path: [31m[][39m

Received value: [31m{"config": {"adapter": [Array], "baseURL": "https://www.wrike.com/api/v4/", "data": undefined, "env": [Object], "headers": [AxiosHeaders], "maxBodyLength": -1, "maxContentLength": -1, "method": "get", "params": [Object], "timeout": 5000, "transformRequest": [Array], "transformResponse": [Array], "transitional": [Object], "url": "groups", "validateStatus": [Function validateStatus], "xsrfCookieName": "XSRF-TOKEN", "xsrfHeaderName": "X-XSRF-TOKEN"}, "data": {"data": [Array], "kind": "groups"}, "headers": [Object], "request": {"_closed": true, "_contentLength": 0, "_defaultKeepAlive": true, "_ended": true, "_events": [Object], "_eventsCount": 7, "_hasBody": true, "_header": "GET /api/v4/groups HTTP/1.1·[39m
[31mAccept: application/json, text/plain, */*·[39m
[31mAuthorization: Bearer eyJ0dCI6InAiLCJhbGciOiJIUzI1NiIsInR2IjoiMSJ9.eyJkIjoie1wiYVwiOjY1NDEzMTQsXCJpXCI6OTEyMzQwMCxcImNcIjo0Njg3MDUzLFwidVwiOjE5OTgwNzIzLFwiclwiOlwiVVNcIixcInNcIjpbXCJXXCIsXCJGXCIsXCJJXCIsXCJVXCIsXCJLXCIsXCJDXCIsXCJEXCIsXCJNXCIsXCJBXCIsXCJMXCIsXCJQXCJdLFwielwiOltdLFwidFwiOjB9IiwiaWF0IjoxNzIwOTgxOTE5fQ.XU_bqqc0KD55QfjFr9dI2NNe7ebkca9964BaRy3CqYA·[39m
[31mUser-Agent: axios/1.7.2·[39m
[31mAccept-Encoding: gzip, compress, deflate, br·[39m
[31mHost: www.wrike.com·[39m
[31mConnection: keep-alive···[39m
[31m", "_headerSent": true, "_keepAliveTimeout": 0, "_last": true, "_maxListeners": undefined, "_onPendingData": [Function nop], "_redirectable": [Writable], "_removedConnection": false, "_removedContLen": false, "_removedTE": false, "_trailer": "", "aborted": false, "agent": [Agent], "chunkedEncoding": false, "destroyed": true, "finished": true, "host": "www.wrike.com", "insecureHTTPParser": undefined, "joinDuplicateHeaders": undefined, "maxHeaderSize": undefined, "maxHeadersCount": null, "maxRequestsOnConnectionReached": false, "method": "GET", "outputData": [Array], "outputSize": 0, "parser": null, "path": "/api/v4/groups", "protocol": "https:", "res": [IncomingMessage], "reusedSocket": false, "sendDate": false, "shouldKeepAlive": true, "socket": [TLSSocket], "socketPath": undefined, "strictContentLength": false, "timeoutCb": null, "upgradeOrConnect": false, "useChunkedEncodingByDefault": false, "writable": true, Symbol(shapeMode): false, Symbol(kCapture): false, Symbol(kBytesWritten): 0, Symbol(kNeedDrain): false, Symbol(corked): 0, Symbol(kOutHeaders): [Object], Symbol(errored): null, Symbol(kHighWaterMark): 16384, Symbol(kRejectNonStandardBodyWrites): false, Symbol(kUniqueHeaders): null}, "status": 200, "statusText": "OK"}[39m
2024-07-28T12:47:02.012Z error: [ Response structure] : Falha - [2mexpect([22m[31mreceived[39m[2m).[22mtoHaveProperty[2m([22m[32mpath[39m[2m)[22m

Expected path: [32m"groups"[39m
Received path: [31m[][39m

Received value: [31m"groups"[39m
2024-07-28T13:16:53.758Z error: [ Response structure] : Falha - [2mexpect([22m[31mreceived[39m[2m).[22mtoHaveProperty[2m([22m[32mpath[39m[2m)[22m

Expected path: [32m"groups"[39m
Received path: [31m[][39m

Received value: [31m"groups"[39m
2024-07-28T13:17:30.917Z error: [ Response structure] : Falha - [2mexpect([22m[31mreceived[39m[2m).[22mtoHaveProperty[2m([22m[32mpath[39m[2m)[22m

Expected path: [32m"groups"[39m
Received path: [31m[][39m

Received value: [31m"groups"[39m
2024-07-28T13:18:12.521Z error: [ Response structure] : Falha - [2mexpect([22m[31mreceived[39m[2m).[22mtoHaveProperty[2m([22m[32mpath[39m[2m)[22m

Expected path: [32m"groups"[39m
Received path: [31m[][39m

Received value: [31m"groups"[39m
2024-07-28T13:18:38.100Z error: [ Response structure] : Falha - [2mexpect([22m[31mreceived[39m[2m).[22mtoHaveProperty[2m([22m[32mpath[39m[2m)[22m

Expected path: [32m"groups"[39m
Received path: [31m[][39m

Received value: [31m"groups"[39m
2024-07-28T13:19:02.775Z error: [ Response structure] : Falha - [2mexpect([22m[31mreceived[39m[2m).[22mtoHaveProperty[2m([22m[32mpath[39m[2m)[22m

Expected path: [32m"groups"[39m
Received path: [31m[][39m

Received value: [31m"groups"[39m
2024-07-28T13:20:08.028Z error: [ Response structure] : Falha - response.forEach is not a function
2024-07-28T13:20:51.121Z error: [ Response structure] : Falha - [2mexpect([22m[31mreceived[39m[2m).[22mtoEqual[2m([22m[32mexpected[39m[2m) // deep equality[22m

Expected: [32m"array"[39m
Received: [31m[{"accountId": "IEAGHUAC", "avatarUrl": "default/internal_users_group.png", "childIds": [], "id": "KX7XYC4U", "memberIds": ["KUATCOKI", "KUATBYNT", "KUATCEEU", "KUATCOKM"], "myTeam": true, "parentIds": [], "title": "My Team"}][39m
2024-07-28T13:21:09.354Z error: [ Response structure] : Falha - [2mexpect([22m[31mreceived[39m[2m).[22mtoEqual[2m([22m[32mexpected[39m[2m) // deep equality[22m

Expected: [32m"function"[39m
Received: [31m[{"accountId": "IEAGHUAC", "avatarUrl": "default/internal_users_group.png", "childIds": [], "id": "KX7XYC4U", "memberIds": ["KUATCOKI", "KUATBYNT", "KUATCEEU", "KUATCOKM"], "myTeam": true, "parentIds": [], "title": "My Team"}][39m
2024-07-28T13:22:23.791Z error: [ Response structure] : Falha - [2mexpect([22m[31mreceived[39m[2m).[22mtoBe[2m([22m[32mexpected[39m[2m) // Object.is equality[22m

Expected: [32m"array"[39m
Received: [31m[{"accountId": "IEAGHUAC", "avatarUrl": "default/internal_users_group.png", "childIds": [], "id": "KX7XYC4U", "memberIds": ["KUATCOKI", "KUATBYNT", "KUATCEEU", "KUATCOKM"], "myTeam": true, "parentIds": [], "title": "My Team"}][39m
2024-07-28T13:22:36.842Z error: [ Response structure] : Falha - [2mexpect([22m[31mreceived[39m[2m).[22mtoBe[2m([22m[32mexpected[39m[2m) // Object.is equality[22m

Expected: [32m"function"[39m
Received: [31m[{"accountId": "IEAGHUAC", "avatarUrl": "default/internal_users_group.png", "childIds": [], "id": "KX7XYC4U", "memberIds": ["KUATCOKI", "KUATBYNT", "KUATCEEU", "KUATCOKM"], "myTeam": true, "parentIds": [], "title": "My Team"}][39m
2024-07-28T13:31:01.843Z error: [ Response structure] : Falha - [2mexpect([22m[31mreceived[39m[2m).[22mtoBe[2m([22m[32mexpected[39m[2m) // Object.is equality[22m

Expected: [32m"function"[39m
Received: [31m[{"accountId": "IEAGHUAC", "avatarUrl": "default/internal_users_group.png", "childIds": [], "id": "KX7XYC4U", "memberIds": ["KUATCOKI", "KUATBYNT", "KUATCEEU", "KUATCOKM"], "myTeam": true, "parentIds": [], "title": "My Team"}][39m
2024-07-28T13:32:16.916Z error: [ Response structure] : Falha - [2mexpect([22m[31mreceived[39m[2m).[22mtoMatch[2m([22m[32mexpected[39m[2m)[22m

[1mMatcher error[22m: [31mreceived[39m value must be a string

Received has type:  array
Received has value: [31m[{"accountId": "IEAGHUAC", "avatarUrl": "default/internal_users_group.png", "childIds": [], "id": "KX7XYC4U", "memberIds": ["KUATCOKI", "KUATBYNT", "KUATCEEU", "KUATCOKM"], "myTeam": true, "parentIds": [], "title": "My Team"}][39m
2024-07-28T14:18:13.700Z error: [ Response structure] : Falha - [2mexpect([22m[31mreceived[39m[2m).[22mtoEqual[2m([22m[32mexpected[39m[2m) // deep equality[22m

Expected: [32m"workschedules"[39m
Received: [31m"version"[39m
